Flutter crash report.
Please report a bug at https://github.com/flutter/flutter/issues.

## command

flutter --quiet assemble --depfile C:\Users\Batuhan.DESKTOP-HGB1LD4\Desktop\proje\DU_Duyuru\build\app\intermediates\flutter\debug/flutter_build.d --output C:\Users\Batuhan.DESKTOP-HGB1LD4\Desktop\proje\DU_Duyuru\build\app\intermediates\flutter\debug -dTargetFile=C:\Users\Batuhan.DESKTOP-HGB1LD4\Desktop\proje\DU_Duyuru\lib\main.dart -dTargetPlatform=android -dBuildMode=debug -dTrackWidgetCreation=true --DartDefines=flutter.inspector.structuredErrors%3Dtrue debug_android_application

## exception

FileSystemException: FileSystemException: Cannot delete file, path = 'C:\Users\Batuhan.DESKTOP-HGB1LD4\Desktop\proje\DU_Duyuru\build\app\intermediates\flutter\debug\flutter_assets\kernel_blob.bin' (OS Error: Sistem belirtilen dosyayı bulamıyor.
, errno = 2)

```
#0      _File.throwIfError (dart:io/file_impl.dart:635:7)
#1      _File._deleteSync (dart:io/file_impl.dart:298:5)
#2      FileSystemEntity.deleteSync (dart:io/file_system_entity.dart:455:47)
#3      ForwardingFileSystemEntity.deleteSync (package:file/src/forwarding/forwarding_file_system_entity.dart:72:16)
#4      ForwardingFileSystemEntity.deleteSync (package:file/src/forwarding/forwarding_file_system_entity.dart:72:16)
#5      FlutterBuildSystem.trackSharedBuildDirectory (package:flutter_tools/src/build_system/build_system.dart:702:26)
#6      FlutterBuildSystem.build (package:flutter_tools/src/build_system/build_system.dart:590:5)
<asynchronous suspension>
#7      AssembleCommand.runCommand (package:flutter_tools/src/commands/assemble.dart:221:58)
#8      FlutterCommand.verifyThenRunCommand (package:flutter_tools/src/runner/flutter_command.dart:972:18)
<asynchronous suspension>
#9      FlutterCommand.run.<anonymous closure> (package:flutter_tools/src/runner/flutter_command.dart:831:33)
<asynchronous suspension>
#10     FlutterCommand.run.<anonymous closure> (package:flutter_tools/src/runner/flutter_command.dart)
#11     AppContext.run.<anonymous closure> (package:flutter_tools/src/base/context.dart:150:29)
#12     _rootRun (dart:async/zone.dart:1190:13)
#13     _CustomZone.run (dart:async/zone.dart:1093:19)
#14     _runZoned (dart:async/zone.dart:1630:10)
#15     runZoned (dart:async/zone.dart:1550:10)
#16     AppContext.run (package:flutter_tools/src/base/context.dart:149:18)
#17     FlutterCommand.run (package:flutter_tools/src/runner/flutter_command.dart:820:20)
#18     CommandRunner.runCommand (package:args/command_runner.dart:197:27)
#19     FlutterCommandRunner.runCommand.<anonymous closure> (package:flutter_tools/src/runner/flutter_command_runner.dart:335:21)
<asynchronous suspension>
#20     FlutterCommandRunner.runCommand.<anonymous closure> (package:flutter_tools/src/runner/flutter_command_runner.dart)
#21     AppContext.run.<anonymous closure> (package:flutter_tools/src/base/context.dart:150:29)
#22     _rootRun (dart:async/zone.dart:1190:13)
#23     _CustomZone.run (dart:async/zone.dart:1093:19)
#24     _runZoned (dart:async/zone.dart:1630:10)
#25     runZoned (dart:async/zone.dart:1550:10)
#26     AppContext.run (package:flutter_tools/src/base/context.dart:149:18)
#27     FlutterCommandRunner.runCommand (package:flutter_tools/src/runner/flutter_command_runner.dart:281:19)
<asynchronous suspension>
#28     CommandRunner.run.<anonymous closure> (package:args/command_runner.dart:112:25)
#29     new Future.sync (dart:async/future.dart:223:31)
#30     CommandRunner.run (package:args/command_runner.dart:112:14)
#31     FlutterCommandRunner.run (package:flutter_tools/src/runner/flutter_command_runner.dart:230:18)
#32     run.<anonymous closure>.<anonymous closure> (package:flutter_tools/runner.dart:63:22)
#33     _rootRun (dart:async/zone.dart:1190:13)
#34     _CustomZone.run (dart:async/zone.dart:1093:19)
#35     _runZoned (dart:async/zone.dart:1630:10)
#36     runZonedGuarded (dart:async/zone.dart:1618:12)
#37     runZoned (dart:async/zone.dart:1547:12)
#38     run.<anonymous closure> (package:flutter_tools/runner.dart:61:18)
<asynchronous suspension>
#39     run.<anonymous closure> (package:flutter_tools/runner.dart)
#40     runInContext.runnerWrapper (package:flutter_tools/src/context_runner.dart:67:18)
<asynchronous suspension>
#41     runInContext.runnerWrapper (package:flutter_tools/src/context_runner.dart)
#42     AppContext.run.<anonymous closure> (package:flutter_tools/src/base/context.dart:150:29)
#43     _rootRun (dart:async/zone.dart:1190:13)
#44     _CustomZone.run (dart:async/zone.dart:1093:19)
#45     _runZoned (dart:async/zone.dart:1630:10)
#46     runZoned (dart:async/zone.dart:1550:10)
#47     AppContext.run (package:flutter_tools/src/base/context.dart:149:18)
#48     runInContext (package:flutter_tools/src/context_runner.dart:70:24)
#49     run (package:flutter_tools/runner.dart:46:10)
#50     main (package:flutter_tools/executable.dart:77:9)
#51     main (file:///C:/src/flutter/packages/flutter_tools/bin/flutter_tools.dart:8:3)
#52     _startIsolate.<anonymous closure> (dart:isolate-patch/isolate_patch.dart:299:32)
#53     _RawReceivePortImpl._handleMessage (dart:isolate-patch/isolate_patch.dart:168:12)
```

## flutter doctor

```
[✓] Flutter (Channel stable, 1.22.0, on Microsoft Windows [Version 10.0.18362.1082], locale tr-TR)
    • Flutter version 1.22.0 at C:\src\flutter
    • Framework revision d408d302e2 (10 days ago), 2020-09-29 11:49:17 -0700
    • Engine revision 5babba6c4d
    • Dart version 2.10.0

[✓] Android toolchain - develop for Android devices (Android SDK version 30.0.2)
    • Android SDK at C:\Users\Batuhan.DESKTOP-HGB1LD4\AppData\Local\Android\sdk
    • Platform android-30, build-tools 30.0.2
    • Java binary at: C:\Program Files\Android\Android Studio\jre\bin\java
    • Java version OpenJDK Runtime Environment (build 1.8.0_242-release-1644-b01)
    • All Android licenses accepted.

[✓] Android Studio (version 4.0)
    • Android Studio at C:\Program Files\Android\Android Studio
    • Flutter plugin version 48.1.2
    • Dart plugin version 193.7547
    • Java version OpenJDK Runtime Environment (build 1.8.0_242-release-1644-b01)

[✓] VS Code (version 1.49.3)
    • VS Code at C:\Users\Batuhan.DESKTOP-HGB1LD4\AppData\Local\Programs\Microsoft VS Code
    • Flutter extension version 3.15.0

[✓] Connected device (1 available)
    • AOSP on IA Emulator (mobile) • emulator-5554 • android-x86 • Android 9 (API 28) (emulator)

• No issues found!
```
